#
# There is insufficient memory for the Java Runtime Environment to continue.
# Native memory allocation (malloc) failed to allocate 1048576 bytes. Error detail: AllocateHeap
# Possible reasons:
#   The system is out of physical RAM or swap space
#   This process is running with CompressedOops enabled, and the Java Heap may be blocking the growth of the native heap
# Possible solutions:
#   Reduce memory load on the system
#   Increase physical memory or swap space
#   Check if swap backing store is full
#   Decrease Java heap size (-Xmx/-Xms)
#   Decrease number of Java threads
#   Decrease Java thread stack sizes (-Xss)
#   Set larger code cache with -XX:ReservedCodeCacheSize=
#   JVM is running with Zero Based Compressed Oops mode in which the Java heap is
#     placed in the first 32GB address space. The Java Heap base address is the
#     maximum limit for the native heap growth. Please use -XX:HeapBaseMinAddress
#     to set the Java Heap base and to place the Java Heap above 32GB virtual address.
# This output file may be truncated or incomplete.
#
#  Out of Memory Error (allocation.cpp:44), pid=16124, tid=7388
#
# JRE version:  (21.0.6) (build )
# Java VM: OpenJDK 64-Bit Server VM (21.0.6+-13368085-b895.109, mixed mode, sharing, tiered, compressed oops, compressed class ptrs, g1 gc, windows-amd64)
# No core dump will be written. Minidumps are not enabled by default on client versions of Windows
#

---------------  S U M M A R Y ------------

Command Line: 

Host: Intel(R) Core(TM) i3-10100 CPU @ 3.60GHz, 8 cores, 11G,  Windows 11 , 64 bit Build 27871 (10.0.27871.1000)
Time: Tue Jun 10 18:20:25 2025 India Standard Time elapsed time: 0.076328 seconds (0d 0h 0m 0s)

---------------  T H R E A D  ---------------

Current thread (0x000000a6f9b2d4b0):  JavaThread "Unknown thread" [_thread_in_vm, id=7388, stack(0x000000a6f9e00000,0x000000a6f9f00000) (1024K)]

Stack: [0x000000a6f9e00000,0x000000a6f9f00000]
Native frames: (J=compiled Java code, j=interpreted, Vv=VM code, C=native code)
V  [jvm.dll+0x6d0639]
V  [jvm.dll+0x85eb03]
V  [jvm.dll+0x86105e]
V  [jvm.dll+0x861743]
V  [jvm.dll+0x27e6e6]
V  [jvm.dll+0xba6e7]
V  [jvm.dll+0x330105]
V  [jvm.dll+0x3286f1]
V  [jvm.dll+0x826549]
V  [jvm.dll+0x3bc158]
V  [jvm.dll+0x80f7f8]
V  [jvm.dll+0x45035e]
V  [jvm.dll+0x451ac1]
C  [jli.dll+0x52ab]
C  [ucrtbase.dll+0x8cef0]
C  [KERNEL32.DLL+0x35f37]
C  [ntdll.dll+0x4f40]


---------------  P R O C E S S  ---------------

Threads class SMR info:
_java_thread_list=0x00007ff89c4c1848, length=0, elements={
}

Java Threads: ( => current thread )
Total: 0

Other Threads:
  0x000000a6f9f96f60 WorkerThread "GC Thread#0"                     [id=6400, stack(0x000000a6fdd80000,0x000000a6fde80000) (1024K)]

[error occurred during error reporting (printing all threads), id 0xc0000005, EXCEPTION_ACCESS_VIOLATION (0xc0000005) at pc=0x00007ff89bcb4c30]
VM state: not at safepoint (not fully initialized)

VM Mutex/Monitor currently owned by a thread:  ([mutex/lock_event])
[0x00007ff89c52e4a0] Heap_lock - owner thread: 0x000000a6f9b2d4b0

Heap address: 0x0000000743200000, size: 3022 MB, Compressed Oops mode: Zero based, Oop shift amount: 3

CDS archive(s) mapped at: [0x0000000000000000-0x0000000000000000-0x0000000000000000), size 0, SharedBaseAddress: 0x0000000800000000, ArchiveRelocationMode: 1.
Narrow klass base: 0x0000000000000000, Narrow klass shift: 0, Narrow klass range: 0x0

GC Precious Log:
 CardTable entry size: 512
 Card Set container configuration: InlinePtr #cards 4 size 8 Array Of Cards #cards 16 size 48 Howl #buckets 8 coarsen threshold 3686 Howl Bitmap #cards 512 size 80 coarsen threshold 460 Card regions per heap region 1 cards per card region 4096

Heap:
 garbage-first heap   total 0K, used 0K [0x0000000743200000, 0x0000000800000000)
  region size 2048K, 0 young (0K), 0 survivors (0K)
 Metaspace       used 0K, committed 0K, reserved 0K
  class space    used 0K, committed 0K, reserved 0K

Heap Regions: E=young(eden), S=young(survivor), O=old, HS=humongous(starts), HC=humongous(continues), CS=collection set, F=free, TAMS=top-at-mark-start, PB=parsable bottom

Card table byte_map: [0x000000a6fa7e0000,0x000000a6fadd0000] _byte_map_base: 0x000000a6f6dc7000

GC Heap History (0 events):
No events

Dll operation events (1 events):
Event: 0.011 Loaded shared library D:\Program Files\Android\Android Studio\jbr\bin\java.dll

Deoptimization events (0 events):
No events

Classes loaded (0 events):
No events

Classes unloaded (0 events):
No events

Classes redefined (0 events):
No events

Internal exceptions (0 events):
No events

ZGC Phase Switch (0 events):
No events

VM Operations (0 events):
No events

Memory protections (0 events):
No events

Nmethod flushes (0 events):
No events

Events (0 events):
No events


Dynamic libraries:
0x00007ff676760000 - 0x00007ff67676a000 	D:\Program Files\Android\Android Studio\jbr\bin\java.EXE
0x00007ff8fd760000 - 0x00007ff8fd9c4000 	C:\WINDOWS\SYSTEM32\ntdll.dll
0x00007ff8fbd90000 - 0x00007ff8fbe59000 	C:\WINDOWS\System32\KERNEL32.DLL
0x00007ff8faac0000 - 0x00007ff8fae8c000 	C:\WINDOWS\System32\KERNELBASE.dll
0x00007ff8fa960000 - 0x00007ff8faaae000 	C:\WINDOWS\System32\ucrtbase.dll
0x00007ff8ef920000 - 0x00007ff8ef93b000 	D:\Program Files\Android\Android Studio\jbr\bin\VCRUNTIME140.dll
0x00007ff8d1800000 - 0x00007ff8d1818000 	D:\Program Files\Android\Android Studio\jbr\bin\jli.dll
0x00007ff8fb480000 - 0x00007ff8fb64b000 	C:\WINDOWS\System32\USER32.dll
0x00007ff8fb420000 - 0x00007ff8fb447000 	C:\WINDOWS\System32\win32u.dll
0x00007ff8f1c70000 - 0x00007ff8f1f0a000 	C:\WINDOWS\WinSxS\amd64_microsoft.windows.common-controls_6595b64144ccf1df_6.0.27871.1000_none_130fa7a689630300\COMCTL32.dll
0x00007ff8fc300000 - 0x00007ff8fc333000 	C:\WINDOWS\System32\GDI32.dll
0x00007ff8fa830000 - 0x00007ff8fa95d000 	C:\WINDOWS\System32\gdi32full.dll
0x00007ff8fc570000 - 0x00007ff8fc619000 	C:\WINDOWS\System32\msvcrt.dll
0x00007ff8fa780000 - 0x00007ff8fa824000 	C:\WINDOWS\System32\msvcp_win.dll
0x00007ff8fc760000 - 0x00007ff8fc806000 	C:\WINDOWS\System32\sechost.dll
0x00007ff8fbd50000 - 0x00007ff8fbd80000 	C:\WINDOWS\System32\IMM32.DLL
0x00007ff8ef8e0000 - 0x00007ff8ef8ec000 	D:\Program Files\Android\Android Studio\jbr\bin\vcruntime140_1.dll
0x00007ff8aa050000 - 0x00007ff8aa0dd000 	D:\Program Files\Android\Android Studio\jbr\bin\msvcp140.dll
0x00007ff89b980000 - 0x00007ff89c60b000 	D:\Program Files\Android\Android Studio\jbr\bin\server\jvm.dll
0x00007ff8fb7c0000 - 0x00007ff8fb872000 	C:\WINDOWS\System32\ADVAPI32.dll
0x00007ff8fc3c0000 - 0x00007ff8fc4d2000 	C:\WINDOWS\System32\RPCRT4.dll
0x00007ff8fb880000 - 0x00007ff8fb8f5000 	C:\WINDOWS\System32\WS2_32.dll
0x00007ff8fa610000 - 0x00007ff8fa66d000 	C:\WINDOWS\SYSTEM32\POWRPROF.dll
0x00007ff8f1fb0000 - 0x00007ff8f1fe6000 	C:\WINDOWS\SYSTEM32\WINMM.dll
0x00007ff8f43f0000 - 0x00007ff8f43fb000 	C:\WINDOWS\SYSTEM32\VERSION.dll
0x00007ff8fa5f0000 - 0x00007ff8fa604000 	C:\WINDOWS\SYSTEM32\UMPDC.dll
0x00007ff8f95c0000 - 0x00007ff8f95db000 	C:\WINDOWS\SYSTEM32\kernel.appcore.dll
0x00007ff8ef740000 - 0x00007ff8ef74a000 	D:\Program Files\Android\Android Studio\jbr\bin\jimage.dll
0x00007ff8f2020000 - 0x00007ff8f22f0000 	C:\WINDOWS\SYSTEM32\DBGHELP.DLL
0x00007ff8fc890000 - 0x00007ff8fcc17000 	C:\WINDOWS\System32\combase.dll
0x00007ff8fcc20000 - 0x00007ff8fcd01000 	C:\WINDOWS\System32\OLEAUT32.dll
0x00007ff8d4ad0000 - 0x00007ff8d4b09000 	C:\WINDOWS\SYSTEM32\dbgcore.DLL
0x00007ff8fb300000 - 0x00007ff8fb39e000 	C:\WINDOWS\System32\bcryptPrimitives.dll
0x00007ff8ef5c0000 - 0x00007ff8ef5e0000 	D:\Program Files\Android\Android Studio\jbr\bin\java.dll

dbghelp: loaded successfully - version: 4.0.5 - missing functions: none
symbol engine: initialized successfully - sym options: 0x614 - pdb path: .;D:\Program Files\Android\Android Studio\jbr\bin;C:\WINDOWS\SYSTEM32;C:\WINDOWS\WinSxS\amd64_microsoft.windows.common-controls_6595b64144ccf1df_6.0.27871.1000_none_130fa7a689630300;D:\Program Files\Android\Android Studio\jbr\bin\server

VM Arguments:
java_command: <unknown>
java_class_path (initial): <not set>
Launcher Type: SUN_STANDARD

[Global flags]
     intx CICompilerCount                          = 4                                         {product} {ergonomic}
     uint ConcGCThreads                            = 2                                         {product} {ergonomic}
     uint G1ConcRefinementThreads                  = 8                                         {product} {ergonomic}
   size_t G1HeapRegionSize                         = 2097152                                   {product} {ergonomic}
    uintx GCDrainStackTargetSize                   = 64                                        {product} {ergonomic}
   size_t InitialHeapSize                          = 199229440                                 {product} {ergonomic}
   size_t MarkStackSize                            = 4194304                                   {product} {ergonomic}
   size_t MaxHeapSize                              = 3168796672                                {product} {ergonomic}
   size_t MinHeapDeltaBytes                        = 2097152                                   {product} {ergonomic}
   size_t MinHeapSize                              = 8388608                                   {product} {ergonomic}
    uintx NonNMethodCodeHeapSize                   = 5839372                                {pd product} {ergonomic}
    uintx NonProfiledCodeHeapSize                  = 122909434                              {pd product} {ergonomic}
    uintx ProfiledCodeHeapSize                     = 122909434                              {pd product} {ergonomic}
    uintx ReservedCodeCacheSize                    = 251658240                              {pd product} {ergonomic}
     bool SegmentedCodeCache                       = true                                      {product} {ergonomic}
   size_t SoftMaxHeapSize                          = 3168796672                             {manageable} {ergonomic}
     bool UseCompressedOops                        = true                           {product lp64_product} {ergonomic}
     bool UseG1GC                                  = true                                      {product} {ergonomic}
     bool UseLargePagesIndividualAllocation        = false                                  {pd product} {ergonomic}

Logging:
Log output configuration:
 #0: stdout all=warning uptime,level,tags foldmultilines=false
 #1: stderr all=off uptime,level,tags foldmultilines=false

Environment Variables:
PATH=C:\Program Files\Common Files\Oracle\Java\javapath;C:\Program Files (x86)\Common Files\Oracle\Java\java8path;C:\Program Files (x86)\Common Files\Oracle\Java\javapath;C:\Windows\System32;C:\Windows;C:\Windows\System32\wbem;C:\Windows\System32\WindowsPowerShell\v1.0\;C:\Windows\System32\OpenSSH\;C:\Program Files\Java\jdk1.8.0_251\bin;C:\Program Files\Java\jre1.8.0_251\bin;C:\Program Files\dotnet\;C:\ProgramData\chocolatey\bin;C:\Program Files\PowerShell\7\;C:\Program Files\Git\cmd;C:\Users\admin\AppData\Local\Android\Sdk\platform-tools;C:\Users\admin\AppData\Local\Android\Sdk\tools;D:\flutter\bin;C:\Program Files (x86)\Windows Kits\10\Windows Performance Toolkit\;C:\Users\admin\AppData\Local\Microsoft\WindowsApps;D:\Microsoft VS Code\bin;D:\flutter;D:\Users\admin\AppData\Local\Programs\Microsoft VS Code Insiders\bin;C:\Users\admin\AppData\Local\JetBrains\Toolbox\scripts;;D:\flutter\bin\mingit\cmd
USERNAME=admin
OS=Windows_NT
PROCESSOR_IDENTIFIER=Intel64 Family 6 Model 165 Stepping 3, GenuineIntel
TMP=C:\Users\admin\AppData\Local\Temp
TEMP=C:\Users\admin\AppData\Local\Temp




Periodic native trim disabled

JNI global refs:
JNI global refs: 0, weak refs: 0

JNI global refs memory usage: 0, weak refs: 0

Process memory usage:
Resident Set Size: 12696K (0% of 12372092K total physical memory with 2165132K free physical memory)

OOME stack traces (most recent first):
Classloader memory used:

---------------  S Y S T E M  ---------------

OS:
 Windows 11 , 64 bit Build 27871 (10.0.27871.1000)
OS uptime: 0 days 23:39 hours
Hyper-V role detected

CPU: total 8 (initial active 8) (4 cores per cpu, 2 threads per core) family 6 model 165 stepping 3 microcode 0xe0, cx8, cmov, fxsr, ht, mmx, 3dnowpref, sse, sse2, sse3, ssse3, sse4.1, sse4.2, popcnt, lzcnt, tsc, tscinvbit, avx, avx2, aes, erms, clmul, bmi1, bmi2, adx, fma, vzeroupper, clflush, clflushopt, hv, rdtscp, f16c
Processor Information for the first 8 processors :
  Max Mhz: 3601, Current Mhz: 3601, Mhz Limit: 3601

Memory: 4k page, system-wide physical 12082M (2116M free)
TotalPageFile size 20274M (AvailPageFile size 929M)
current process WorkingSet (physical memory assigned to process): 12M, peak: 12M
current process commit charge ("private bytes"): 56M, peak: 57M

vm_info: OpenJDK 64-Bit Server VM (21.0.6+-13368085-b895.109) for windows-amd64 JRE (21.0.6+-13368085-b895.109), built on 2025-04-16T17:01:31Z by "builder" with MS VC++ 16.10 / 16.11 (VS2019)

END.
