#
# There is insufficient memory for the Java Runtime Environment to continue.
# Native memory allocation (mmap) failed to map 65536 bytes. Error detail: Failed to commit metaspace.
# Possible reasons:
#   The system is out of physical RAM or swap space
#   This process is running with CompressedOops enabled, and the Java Heap may be blocking the growth of the native heap
# Possible solutions:
#   Reduce memory load on the system
#   Increase physical memory or swap space
#   Check if swap backing store is full
#   Decrease Java heap size (-Xmx/-Xms)
#   Decrease number of Java threads
#   Decrease Java thread stack sizes (-Xss)
#   Set larger code cache with -XX:ReservedCodeCacheSize=
#   JVM is running with Unscaled Compressed Oops mode in which the Java heap is
#     placed in the first 4GB address space. The Java Heap base address is the
#     maximum limit for the native heap growth. Please use -XX:HeapBaseMinAddress
#     to set the Java Heap base and to place the Java Heap above 4GB virtual address.
# This output file may be truncated or incomplete.
#
#  Out of Memory Error (virtualSpaceNode.cpp:113), pid=16392, tid=17256
#
# JRE version: OpenJDK Runtime Environment Temurin-21.0.7+6 (21.0.7+6) (build 21.0.7+6-LTS)
# Java VM: OpenJDK 64-Bit Server VM Temurin-21.0.7+6 (21.0.7+6-LTS, mixed mode, sharing, tiered, compressed oops, compressed class ptrs, parallel gc, windows-amd64)
# No core dump will be written. Minidumps are not enabled by default on client versions of Windows
#

---------------  S U M M A R Y ------------

Command Line: --add-modules=ALL-SYSTEM --add-opens=java.base/java.util=ALL-UNNAMED --add-opens=java.base/java.lang=ALL-UNNAMED --add-opens=java.base/sun.nio.fs=ALL-UNNAMED -Declipse.application=org.eclipse.jdt.ls.core.id1 -Dosgi.bundles.defaultStartLevel=4 -Declipse.product=org.eclipse.jdt.ls.core.product -Djava.import.generatesMetadataFilesAtProjectRoot=false -DDetectVMInstallationsJob.disabled=true -Dfile.encoding=utf8 -XX:+UseParallelGC -XX:GCTimeRatio=4 -XX:AdaptiveSizePolicyWeight=90 -Dsun.zip.disableMemoryMapping=true -Xmx2G -Xms100m -Xlog:disable -javaagent:c:\Users\admin\.vscode-insiders\extensions\redhat.java-1.43.2025061208-win32-x64\lombok\lombok-1.18.36.jar c:\Users\admin\.vscode-insiders\extensions\redhat.java-1.43.2025061208-win32-x64\server\plugins\org.eclipse.equinox.launcher_1.7.0.v20250519-0528.jar -configuration c:\Users\admin\AppData\Roaming\Code - Insiders\User\globalStorage\redhat.java\1.43.2025061208\config_ss_win -data c:\Users\admin\AppData\Roaming\Code - Insiders\User\workspaceStorage\d95ff64de70b73d0c159f6bfec9b0f85\redhat.java\ss_ws --pipe=\\.\pipe\lsp-a70434343b66ab8342d980fe99182a92-sock

Host: Intel(R) Core(TM) i3-10100 CPU @ 3.60GHz, 8 cores, 11G,  Windows 11 , 64 bit Build 27871 (10.0.27871.1000)
Time: Fri Jun 13 15:56:46 2025 India Standard Time elapsed time: 3.729473 seconds (0d 0h 0m 3s)

---------------  T H R E A D  ---------------

Current thread (0x0000009754665f00):  JavaThread "Start Level: Equinox Container: 7315ab82-1dd4-41fe-aee7-2ddbeb31fa9d" daemon [_thread_in_vm, id=17256, stack(0x0000009755dd0000,0x0000009755ed0000) (1024K)]

Stack: [0x0000009755dd0000,0x0000009755ed0000]
Native frames: (J=compiled Java code, j=interpreted, Vv=VM code, C=native code)
V  [jvm.dll+0x6ce119]
V  [jvm.dll+0x8a84a1]
V  [jvm.dll+0x8aa9ce]
V  [jvm.dll+0x8ab0b3]
V  [jvm.dll+0x27f8a6]
V  [jvm.dll+0x8a41ee]
V  [jvm.dll+0x670575]
V  [jvm.dll+0x6705da]
V  [jvm.dll+0x672dc2]
V  [jvm.dll+0x672c92]
V  [jvm.dll+0x670f4e]
V  [jvm.dll+0x2695bf]
V  [jvm.dll+0x67b1b5]
V  [jvm.dll+0x21563d]
V  [jvm.dll+0x215bba]
V  [jvm.dll+0x2165e5]
V  [jvm.dll+0x20bbae]
V  [jvm.dll+0x5ae58c]
V  [jvm.dll+0x21d26a]
V  [jvm.dll+0x820d6c]
V  [jvm.dll+0x821d94]
V  [jvm.dll+0x822362]
V  [jvm.dll+0x821fe8]
V  [jvm.dll+0x26cf1b]
V  [jvm.dll+0x26d14a]
V  [jvm.dll+0x5d1891]
V  [jvm.dll+0x5d3ec4]
V  [jvm.dll+0x3d81d2]
V  [jvm.dll+0x3d7c70]
C  0x0000009707546a5c

The last pc belongs to getstatic (printed below).
Java frames: (J=compiled Java code, j=interpreted, Vv=VM code)
j  com.sun.org.apache.xerces.internal.impl.dtd.XMLDTDValidator.validate()Z+4 java.xml@21.0.7
j  com.sun.org.apache.xerces.internal.impl.XMLNSDocumentScannerImpl$NSContentDriver.reconfigurePipeline()V+75 java.xml@21.0.7
j  com.sun.org.apache.xerces.internal.impl.XMLNSDocumentScannerImpl$NSContentDriver.scanRootElementHook()Z+1 java.xml@21.0.7
j  com.sun.org.apache.xerces.internal.impl.XMLDocumentFragmentScannerImpl$FragmentContentDriver.next()I+2175 java.xml@21.0.7
j  com.sun.org.apache.xerces.internal.impl.XMLDocumentScannerImpl$PrologDriver.next()I+196 java.xml@21.0.7
j  com.sun.org.apache.xerces.internal.impl.XMLDocumentScannerImpl.next()I+4 java.xml@21.0.7
j  com.sun.org.apache.xerces.internal.impl.XMLNSDocumentScannerImpl.next()I+31 java.xml@21.0.7
j  com.sun.org.apache.xerces.internal.impl.XMLDocumentFragmentScannerImpl.scanDocument(Z)Z+312 java.xml@21.0.7
j  com.sun.org.apache.xerces.internal.parsers.XML11Configuration.parse(Z)Z+121 java.xml@21.0.7
j  com.sun.org.apache.xerces.internal.parsers.XML11Configuration.parse(Lcom/sun/org/apache/xerces/internal/xni/parser/XMLInputSource;)V+30 java.xml@21.0.7
j  com.sun.org.apache.xerces.internal.parsers.XMLParser.parse(Lcom/sun/org/apache/xerces/internal/xni/parser/XMLInputSource;)V+76 java.xml@21.0.7
j  com.sun.org.apache.xerces.internal.parsers.AbstractSAXParser.parse(Lorg/xml/sax/InputSource;)V+44 java.xml@21.0.7
j  com.sun.org.apache.xerces.internal.jaxp.SAXParserImpl$JAXPSAXParser.parse(Lorg/xml/sax/InputSource;)V+53 java.xml@21.0.7
j  com.sun.org.apache.xerces.internal.jaxp.SAXParserImpl.parse(Lorg/xml/sax/InputSource;Lorg/xml/sax/helpers/DefaultHandler;)V+61 java.xml@21.0.7
j  javax.xml.parsers.SAXParser.parse(Ljava/io/InputStream;Lorg/xml/sax/helpers/DefaultHandler;)V+26 java.xml@21.0.7
j  org.apache.felix.scr.impl.BundleComponentActivator.loadDescriptor(Ljava/net/URL;)V+74
j  org.apache.felix.scr.impl.BundleComponentActivator.initialize(Ljava/util/List;)V+221
j  org.apache.felix.scr.impl.BundleComponentActivator.<init>(Lorg/apache/felix/scr/impl/logger/ScrLogger;Lorg/apache/felix/scr/impl/ComponentRegistry;Lorg/apache/felix/scr/impl/ComponentActorThread;Lorg/osgi/framework/BundleContext;Lorg/apache/felix/scr/impl/manager/ScrConfiguration;Ljava/util/List;Lorg/osgi/framework/ServiceReference;)V+124
j  org.apache.felix.scr.impl.Activator.loadComponents(Lorg/osgi/framework/Bundle;)V+385
j  org.apache.felix.scr.impl.Activator.access$200(Lorg/apache/felix/scr/impl/Activator;Lorg/osgi/framework/Bundle;)V+2
j  org.apache.felix.scr.impl.Activator$ScrExtension.start()V+72
j  org.apache.felix.scr.impl.AbstractExtender.createExtension(Lorg/osgi/framework/Bundle;)V+71
j  org.apache.felix.scr.impl.AbstractExtender.modifiedBundle(Lorg/osgi/framework/Bundle;Lorg/osgi/framework/BundleEvent;Lorg/osgi/framework/Bundle;)V+115
j  org.apache.felix.scr.impl.AbstractExtender.addingBundle(Lorg/osgi/framework/Bundle;Lorg/osgi/framework/BundleEvent;)Lorg/osgi/framework/Bundle;+4
j  org.apache.felix.scr.impl.AbstractExtender.addingBundle(Lorg/osgi/framework/Bundle;Lorg/osgi/framework/BundleEvent;)Ljava/lang/Object;+3
j  org.osgi.util.tracker.BundleTracker$Tracked.customizerAdding(Lorg/osgi/framework/Bundle;Lorg/osgi/framework/BundleEvent;)Ljava/lang/Object;+9
j  org.osgi.util.tracker.BundleTracker$Tracked.customizerAdding(Ljava/lang/Object;Ljava/lang/Object;)Ljava/lang/Object;+9
j  org.osgi.util.tracker.AbstractTracked.trackAdding(Ljava/lang/Object;Ljava/lang/Object;)V+8
j  org.osgi.util.tracker.AbstractTracked.track(Ljava/lang/Object;Ljava/lang/Object;)V+83
j  org.osgi.util.tracker.BundleTracker$Tracked.bundleChanged(Lorg/osgi/framework/BundleEvent;)V+35
j  org.eclipse.osgi.internal.framework.BundleContextImpl.dispatchEvent(Ljava/lang/Object;Ljava/lang/Object;ILjava/lang/Object;)V+166
j  org.eclipse.osgi.framework.eventmgr.EventManager.dispatchEvent(Ljava/util/Set;Lorg/eclipse/osgi/framework/eventmgr/EventDispatcher;ILjava/lang/Object;)V+48
j  org.eclipse.osgi.framework.eventmgr.ListenerQueue.dispatchEventSynchronous(ILjava/lang/Object;)V+67
j  org.eclipse.osgi.internal.framework.EquinoxEventPublisher.publishBundleEventPrivileged(Lorg/osgi/framework/BundleEvent;)V+547
j  org.eclipse.osgi.internal.framework.EquinoxEventPublisher.publishBundleEvent(Lorg/osgi/framework/BundleEvent;)V+8
j  org.eclipse.osgi.internal.framework.EquinoxEventPublisher.publishBundleEvent(ILorg/osgi/framework/Bundle;Lorg/osgi/framework/Bundle;)V+15
j  org.eclipse.osgi.internal.framework.EquinoxContainerAdaptor.publishModuleEvent(Lorg/eclipse/osgi/container/ModuleContainerAdaptor$ModuleEvent;Lorg/eclipse/osgi/container/Module;Lorg/eclipse/osgi/container/Module;)V+29
j  org.eclipse.osgi.container.Module.publishEvent(Lorg/eclipse/osgi/container/ModuleContainerAdaptor$ModuleEvent;)V+13
j  org.eclipse.osgi.container.Module.start([Lorg/eclipse/osgi/container/Module$StartOptions;)V+588
j  org.eclipse.osgi.container.ModuleContainer$ContainerStartLevel$2.run()V+83
j  org.eclipse.osgi.internal.framework.EquinoxContainerAdaptor$1$1.execute(Ljava/lang/Runnable;)V+1
j  org.eclipse.osgi.container.ModuleContainer$ContainerStartLevel.incStartLevel(ILjava/util/List;Z)V+193
j  org.eclipse.osgi.container.ModuleContainer$ContainerStartLevel.incStartLevel(ILjava/util/List;Ljava/util/List;Ljava/util/List;Ljava/util/List;)V+4
j  org.eclipse.osgi.container.ModuleContainer$ContainerStartLevel.doContainerStartLevel(Lorg/eclipse/osgi/container/Module;I[Lorg/osgi/framework/FrameworkListener;)V+358
j  org.eclipse.osgi.container.ModuleContainer$ContainerStartLevel.dispatchEvent(Lorg/eclipse/osgi/container/Module;[Lorg/osgi/framework/FrameworkListener;ILjava/lang/Integer;)V+32
j  org.eclipse.osgi.container.ModuleContainer$ContainerStartLevel.dispatchEvent(Ljava/lang/Object;Ljava/lang/Object;ILjava/lang/Object;)V+15
j  org.eclipse.osgi.framework.eventmgr.EventManager.dispatchEvent(Ljava/util/Set;Lorg/eclipse/osgi/framework/eventmgr/EventDispatcher;ILjava/lang/Object;)V+48
j  org.eclipse.osgi.framework.eventmgr.EventManager$EventThread.run()V+26
v  ~StubRoutines::call_stub 0x000000970753100d
getstatic  178 getstatic  [0x00000097075469c0, 0x0000009707546bb8]  504 bytes
[MachCode]
  0x00000097075469c0: 4883 ec08 | c5fa 1104 | 24eb 1f48 | 83ec 10c5 | fb11 0424 | eb14 4883 | ec10 4889 | 0424 48c7 
  0x00000097075469e0: 4424 0800 | 0000 00eb | 0150 410f | b755 0148 | 8b4d d0c1 | e202 8b5c | d138 c1eb | 1081 e3ff 
  0x0000009707546a00: 0000 0081 | fbb2 0000 | 000f 84b4 | 0000 00bb | b200 0000 | e805 0000 | 00e9 9900 | 0000 488b 
  0x0000009707546a20: d348 8d44 | 2408 4c89 | 6dc0 498b | cfc5 f877 | 4989 afa8 | 0300 0049 | 8987 9803 | 0000 4883 
  0x0000009707546a40: ec20 40f6 | c40f 0f84 | 1900 0000 | 4883 ec08 | 48b8 107c | dcb5 ff7f | 0000 ffd0 | 4883 c408 
  0x0000009707546a60: e90c 0000 | 0048 b810 | 7cdc b5ff | 7f00 00ff | d048 83c4 | 2049 c787 | 9803 0000 | 0000 0000 
  0x0000009707546a80: 49c7 87a8 | 0300 0000 | 0000 0049 | c787 a003 | 0000 0000 | 0000 c5f8 | 7749 837f | 0800 0f84 
  0x0000009707546aa0: 0500 0000 | e957 a4fe | ff4c 8b6d | c04c 8b75 | c84e 8d74 | f500 c341 | 0fb7 5501 | 488b 4dd0 
  0x0000009707546ac0: c1e2 0248 | 8b5c d148 | 8b44 d150 | 4c8b 4cd1 | 404d 8b49 | 704d 8b09 | c1e8 1c83 | e00f 0f85 
  0x0000009707546ae0: 0b00 0000 | 410f be04 | 1950 e9b1 | 0000 0083 | f801 0f85 | 0b00 0000 | 410f b604 | 1950 e99d 
  0x0000009707546b00: 0000 0083 | f808 0f85 | 0a00 0000 | 418b 0419 | 50e9 8a00 | 0000 83f8 | 040f 850a | 0000 0041 
  0x0000009707546b20: 8b04 1950 | e977 0000 | 0083 f802 | 0f85 0b00 | 0000 410f | b704 1950 | e963 0000 | 0083 f803 
  0x0000009707546b40: 0f85 0b00 | 0000 410f | bf04 1950 | e94f 0000 | 0083 f805 | 0f85 1a00 | 0000 498b | 0419 4883 
  0x0000009707546b60: ec10 4889 | 0424 48c7 | 4424 0800 | 0000 00e9 | 2c00 0000 | 83f8 060f | 8514 0000 | 00c4 c17a 
  0x0000009707546b80: 1004 1948 | 83ec 08c5 | fa11 0424 | e90f 0000 | 00c4 c17b | 1004 1948 | 83ec 10c5 | fb11 0424 
  0x0000009707546ba0: 410f b65d | 0349 83c5 | 0349 bab0 | 286b b6ff | 7f00 0041 | ff24 da90 
[/MachCode]

---------------  P R O C E S S  ---------------

Threads class SMR info:
_java_thread_list=0x00000097545b07f0, length=15, elements={
0x0000009779b9aa20, 0x000000977ebb6380, 0x0000009779c4e880, 0x000000977ebbe4c0,
0x000000977ebbf270, 0x000000977ebbfcc0, 0x000000977ebc0710, 0x000000977ebc1540,
0x000000977f52c740, 0x000000977f5c9f00, 0x000000977f7fc990, 0x00000097545f7e90,
0x0000009754672400, 0x0000009754665f00, 0x0000009754640830
}

Java Threads: ( => current thread )
  0x0000009779b9aa20 JavaThread "main"                              [_thread_blocked, id=7324, stack(0x0000009779980000,0x0000009779a80000) (1024K)]
  0x000000977ebb6380 JavaThread "Reference Handler"          daemon [_thread_blocked, id=20496, stack(0x000000977edf0000,0x000000977eef0000) (1024K)]
  0x0000009779c4e880 JavaThread "Finalizer"                  daemon [_thread_blocked, id=7200, stack(0x000000977eef0000,0x000000977eff0000) (1024K)]
  0x000000977ebbe4c0 JavaThread "Signal Dispatcher"          daemon [_thread_blocked, id=17868, stack(0x000000977eff0000,0x000000977f0f0000) (1024K)]
  0x000000977ebbf270 JavaThread "Attach Listener"            daemon [_thread_blocked, id=2472, stack(0x000000977f0f0000,0x000000977f1f0000) (1024K)]
  0x000000977ebbfcc0 JavaThread "Service Thread"             daemon [_thread_blocked, id=18672, stack(0x000000977f1f0000,0x000000977f2f0000) (1024K)]
  0x000000977ebc0710 JavaThread "Monitor Deflation Thread"   daemon [_thread_blocked, id=4016, stack(0x000000977f2f0000,0x000000977f3f0000) (1024K)]
  0x000000977ebc1540 JavaThread "C2 CompilerThread0"         daemon [_thread_blocked, id=12160, stack(0x000000977f3f0000,0x000000977f4f0000) (1024K)]
  0x000000977f52c740 JavaThread "C1 CompilerThread0"         daemon [_thread_blocked, id=13444, stack(0x000000977f8f0000,0x000000977f9f0000) (1024K)]
  0x000000977f5c9f00 JavaThread "Common-Cleaner"             daemon [_thread_blocked, id=9392, stack(0x000000977f9f0000,0x000000977faf0000) (1024K)]
  0x000000977f7fc990 JavaThread "Notification Thread"        daemon [_thread_blocked, id=18056, stack(0x000000977faf0000,0x000000977fbf0000) (1024K)]
  0x00000097545f7e90 JavaThread "Active Thread: Equinox Container: 7315ab82-1dd4-41fe-aee7-2ddbeb31fa9d"        [_thread_blocked, id=660, stack(0x0000009754d00000,0x0000009754e00000) (1024K)]
  0x0000009754672400 JavaThread "Framework Event Dispatcher: Equinox Container: 7315ab82-1dd4-41fe-aee7-2ddbeb31fa9d" daemon [_thread_blocked, id=14428, stack(0x0000009754c00000,0x0000009754d00000) (1024K)]
=>0x0000009754665f00 JavaThread "Start Level: Equinox Container: 7315ab82-1dd4-41fe-aee7-2ddbeb31fa9d" daemon [_thread_in_vm, id=17256, stack(0x0000009755dd0000,0x0000009755ed0000) (1024K)]
  0x0000009754640830 JavaThread "SCR Component Actor"        daemon [_thread_blocked, id=3776, stack(0x0000009755fd0000,0x00000097560d0000) (1024K)]
Total: 15

Other Threads:
  0x0000009779c308b0 VMThread "VM Thread"                           [id=14856, stack(0x000000977ecf0000,0x000000977edf0000) (1024K)]
  0x000000977eacca00 WatcherThread "VM Periodic Task Thread"        [id=17192, stack(0x000000977ebf0000,0x000000977ecf0000) (1024K)]
  0x0000009779bb1f80 WorkerThread "GC Thread#0"                     [id=20988, stack(0x000000977a240000,0x000000977a340000) (1024K)]
  0x000000975410f110 WorkerThread "GC Thread#1"                     [id=348, stack(0x000000977fdf0000,0x000000977fef0000) (1024K)]
  0x000000975410f4b0 WorkerThread "GC Thread#2"                     [id=17320, stack(0x000000977fef0000,0x000000977fff0000) (1024K)]
  0x000000975428a400 WorkerThread "GC Thread#3"                     [id=3728, stack(0x0000009754800000,0x0000009754900000) (1024K)]
  0x000000975428a7a0 WorkerThread "GC Thread#4"                     [id=18280, stack(0x0000009754900000,0x0000009754a00000) (1024K)]
  0x000000975428ab40 WorkerThread "GC Thread#5"                     [id=1460, stack(0x0000009754a00000,0x0000009754b00000) (1024K)]
  0x00000097543c3460 WorkerThread "GC Thread#6"                     [id=18020, stack(0x0000009754b00000,0x0000009754c00000) (1024K)]
  0x000000975466f5e0 WorkerThread "GC Thread#7"                     [id=10340, stack(0x0000009755ed0000,0x0000009755fd0000) (1024K)]
Total: 10

Threads with active compile tasks:
Total: 0

VM state: not at safepoint (normal execution)

VM Mutex/Monitor currently owned by a thread:  ([mutex/lock_event])
[0x00007fffb669c308] Metaspace_lock - owner thread: 0x0000009754665f00

Heap address: 0x0000000080000000, size: 2048 MB, Compressed Oops mode: 32-bit

CDS archive(s) mapped at: [0x000000970f000000-0x000000970fba0000-0x000000970fba0000), size 12189696, SharedBaseAddress: 0x000000970f000000, ArchiveRelocationMode: 1.
Compressed class space mapped at: 0x0000009710000000-0x0000009750000000, reserved size: 1073741824
Narrow klass base: 0x000000970f000000, Narrow klass shift: 0, Narrow klass range: 0x100000000

GC Precious Log:
 CardTable entry size: 512
 CPUs: 8 total, 8 available
 Memory: 12082M
 Large Page Support: Disabled
 NUMA Support: Disabled
 Compressed Oops: Enabled (32-bit)
 Alignments: Space 512K, Generation 512K, Heap 2M
 Heap Min Capacity: 100M
 Heap Initial Capacity: 100M
 Heap Max Capacity: 2G
 Pre-touch: Disabled
 Parallel Workers: 8

Heap:
 PSYoungGen      total 29696K, used 10405K [0x00000000d5580000, 0x00000000d7680000, 0x0000000100000000)
  eden space 25600K, 24% used [0x00000000d5580000,0x00000000d5bae358,0x00000000d6e80000)
  from space 4096K, 99% used [0x00000000d7280000,0x00000000d767b438,0x00000000d7680000)
  to   space 4096K, 0% used [0x00000000d6e80000,0x00000000d6e80000,0x00000000d7280000)
 ParOldGen       total 68608K, used 903K [0x0000000080000000, 0x0000000084300000, 0x00000000d5580000)
  object space 68608K, 1% used [0x0000000080000000,0x00000000800e1eb8,0x0000000084300000)
 Metaspace       used 9524K, committed 9792K, reserved 1114112K
  class space    used 1000K, committed 1152K, reserved 1048576K

Card table byte_map: [0x0000009779e30000,0x000000977a240000] _byte_map_base: 0x0000009779a30000

Marking Bits: (ParMarkBitMap*) 0x00007fffb66a31f0
 Begin Bits: [0x000000977a5f0000, 0x000000977c5f0000)
 End Bits:   [0x000000977c5f0000, 0x000000977e5f0000)

Polling page: 0x00000097791b0000

Metaspace:

Usage:
  Non-class:      8.32 MB used.
      Class:   1000.58 KB used.
       Both:      9.30 MB used.

Virtual space:
  Non-class space:       64.00 MB reserved,       8.44 MB ( 13%) committed,  1 nodes.
      Class space:        1.00 GB reserved,       1.12 MB ( <1%) committed,  1 nodes.
             Both:        1.06 GB reserved,       9.56 MB ( <1%) committed. 

Chunk freelists:
   Non-Class:  7.00 MB
       Class:  14.82 MB
        Both:  21.82 MB

MaxMetaspaceSize: unlimited
CompressedClassSpaceSize: 1.00 GB
Initial GC threshold: 21.00 MB
Current GC threshold: 21.00 MB
CDS: on
 - commit_granule_bytes: 65536.
 - commit_granule_words: 8192.
 - virtual_space_node_default_size: 8388608.
 - enlarge_chunks_in_place: 1.
 - use_allocation_guard: 0.


Internal statistics:

num_allocs_failed_limit: 0.
num_arena_births: 240.
num_arena_deaths: 0.
num_vsnodes_births: 2.
num_vsnodes_deaths: 0.
num_space_committed: 153.
num_space_uncommitted: 0.
num_chunks_returned_to_freelist: 0.
num_chunks_taken_from_freelist: 474.
num_chunk_merges: 0.
num_chunk_splits: 301.
num_chunks_enlarged: 203.
num_inconsistent_stats: 0.

CodeHeap 'non-profiled nmethods': size=120000Kb used=803Kb max_used=803Kb free=119196Kb
 bounds [0x0000009707ad0000, 0x0000009707d40000, 0x000000970f000000]
CodeHeap 'profiled nmethods': size=120000Kb used=3292Kb max_used=3292Kb free=116707Kb
 bounds [0x0000009700000000, 0x0000009700340000, 0x0000009707530000]
CodeHeap 'non-nmethods': size=5760Kb used=1221Kb max_used=1242Kb free=4538Kb
 bounds [0x0000009707530000, 0x00000097077a0000, 0x0000009707ad0000]
 total_blobs=2323 nmethods=1834 adapters=396
 compilation: enabled
              stopped_count=0, restarted_count=0
 full_count=0

Compilation events (20 events):
Event: 3.629 Thread 0x000000977f52c740 nmethod 1825 0x0000009707b98190 code [0x0000009707b98320, 0x0000009707b983e8]
Event: 3.642 Thread 0x000000977f52c740 1826       3       org.eclipse.osgi.internal.framework.EquinoxBundle::getSymbolicName (11 bytes)
Event: 3.642 Thread 0x000000977f52c740 nmethod 1826 0x0000009700335110 code [0x00000097003352c0, 0x0000009700335488]
Event: 3.662 Thread 0x000000977ebc1540 1827       4       java.util.ArrayList::<init> (12 bytes)
Event: 3.663 Thread 0x000000977ebc1540 nmethod 1827 0x0000009707b98490 code [0x0000009707b98620, 0x0000009707b986c8]
Event: 3.672 Thread 0x000000977f52c740 1828       3       java.lang.invoke.MethodHandleNatives::refKindHasReceiver (33 bytes)
Event: 3.672 Thread 0x000000977f52c740 nmethod 1828 0x0000009700335590 code [0x0000009700335720, 0x0000009700335870]
Event: 3.674 Thread 0x000000977f52c740 1829       1       java.lang.invoke.MethodHandleNatives::isPullModeBSM (2 bytes)
Event: 3.674 Thread 0x000000977f52c740 nmethod 1829 0x0000009707b98790 code [0x0000009707b98920, 0x0000009707b989c8]
Event: 3.674 Thread 0x000000977f52c740 1830       3       java.lang.invoke.ConstantCallSite::getTarget (20 bytes)
Event: 3.674 Thread 0x000000977f52c740 nmethod 1830 0x0000009700335910 code [0x0000009700335ac0, 0x0000009700335cd8]
Event: 3.720 Thread 0x000000977f52c740 1831       3       java.util.HashMap::entrySet (27 bytes)
Event: 3.720 Thread 0x000000977f52c740 nmethod 1831 0x0000009700335e10 code [0x0000009700335fe0, 0x0000009700336358]
Event: 3.720 Thread 0x000000977f52c740 1832       3       java.util.HashMap$EntrySet::iterator (12 bytes)
Event: 3.720 Thread 0x000000977f52c740 nmethod 1832 0x0000009700336490 code [0x0000009700336640, 0x0000009700336848]
Event: 3.720 Thread 0x000000977f52c740 1833       3       java.util.HashMap$EntryIterator::<init> (6 bytes)
Event: 3.721 Thread 0x000000977f52c740 nmethod 1833 0x0000009700336910 code [0x0000009700336ac0, 0x0000009700336bf8]
Event: 3.724 Thread 0x000000977f52c740 1834       3       java.util.Arrays::fill (28 bytes)
Event: 3.724 Thread 0x000000977f52c740 nmethod 1834 0x0000009700336c90 code [0x0000009700336e40, 0x0000009700337050]
Event: 3.725 Thread 0x000000977ebc1540 1835 %     4       java.util.Arrays::fill @ 10 (28 bytes)

GC Heap History (4 events):
Event: 1.533 GC heap before
{Heap before GC invocations=1 (full 0):
 PSYoungGen      total 29696K, used 25600K [0x00000000d5580000, 0x00000000d7680000, 0x0000000100000000)
  eden space 25600K, 100% used [0x00000000d5580000,0x00000000d6e80000,0x00000000d6e80000)
  from space 4096K, 0% used [0x00000000d7280000,0x00000000d7280000,0x00000000d7680000)
  to   space 4096K, 0% used [0x00000000d6e80000,0x00000000d6e80000,0x00000000d7280000)
 ParOldGen       total 68608K, used 0K [0x0000000080000000, 0x0000000084300000, 0x00000000d5580000)
  object space 68608K, 0% used [0x0000000080000000,0x0000000080000000,0x0000000084300000)
 Metaspace       used 4338K, committed 4608K, reserved 1114112K
  class space    used 459K, committed 576K, reserved 1048576K
}
Event: 1.542 GC heap after
{Heap after GC invocations=1 (full 0):
 PSYoungGen      total 29696K, used 3320K [0x00000000d5580000, 0x00000000d7680000, 0x0000000100000000)
  eden space 25600K, 0% used [0x00000000d5580000,0x00000000d5580000,0x00000000d6e80000)
  from space 4096K, 81% used [0x00000000d6e80000,0x00000000d71be2f0,0x00000000d7280000)
  to   space 4096K, 0% used [0x00000000d7280000,0x00000000d7280000,0x00000000d7680000)
 ParOldGen       total 68608K, used 16K [0x0000000080000000, 0x0000000084300000, 0x00000000d5580000)
  object space 68608K, 0% used [0x0000000080000000,0x0000000080004000,0x0000000084300000)
 Metaspace       used 4338K, committed 4608K, reserved 1114112K
  class space    used 459K, committed 576K, reserved 1048576K
}
Event: 3.508 GC heap before
{Heap before GC invocations=2 (full 0):
 PSYoungGen      total 29696K, used 28920K [0x00000000d5580000, 0x00000000d7680000, 0x0000000100000000)
  eden space 25600K, 100% used [0x00000000d5580000,0x00000000d6e80000,0x00000000d6e80000)
  from space 4096K, 81% used [0x00000000d6e80000,0x00000000d71be2f0,0x00000000d7280000)
  to   space 4096K, 0% used [0x00000000d7280000,0x00000000d7280000,0x00000000d7680000)
 ParOldGen       total 68608K, used 16K [0x0000000080000000, 0x0000000084300000, 0x00000000d5580000)
  object space 68608K, 0% used [0x0000000080000000,0x0000000080004000,0x0000000084300000)
 Metaspace       used 8182K, committed 8512K, reserved 1114112K
  class space    used 850K, committed 1024K, reserved 1048576K
}
Event: 3.514 GC heap after
{Heap after GC invocations=2 (full 0):
 PSYoungGen      total 29696K, used 4077K [0x00000000d5580000, 0x00000000d7680000, 0x0000000100000000)
  eden space 25600K, 0% used [0x00000000d5580000,0x00000000d5580000,0x00000000d6e80000)
  from space 4096K, 99% used [0x00000000d7280000,0x00000000d767b438,0x00000000d7680000)
  to   space 4096K, 0% used [0x00000000d6e80000,0x00000000d6e80000,0x00000000d7280000)
 ParOldGen       total 68608K, used 903K [0x0000000080000000, 0x0000000084300000, 0x00000000d5580000)
  object space 68608K, 1% used [0x0000000080000000,0x00000000800e1eb8,0x0000000084300000)
 Metaspace       used 8182K, committed 8512K, reserved 1114112K
  class space    used 850K, committed 1024K, reserved 1048576K
}

Dll operation events (9 events):
Event: 0.022 Loaded shared library c:\Users\admin\.vscode-insiders\extensions\redhat.java-1.43.2025061208-win32-x64\jre\21.0.7-win32-x86_64\bin\java.dll
Event: 0.178 Loaded shared library c:\Users\admin\.vscode-insiders\extensions\redhat.java-1.43.2025061208-win32-x64\jre\21.0.7-win32-x86_64\bin\zip.dll
Event: 0.222 Loaded shared library C:\Users\admin\.vscode-insiders\extensions\redhat.java-1.43.2025061208-win32-x64\jre\21.0.7-win32-x86_64\bin\instrument.dll
Event: 0.234 Loaded shared library C:\Users\admin\.vscode-insiders\extensions\redhat.java-1.43.2025061208-win32-x64\jre\21.0.7-win32-x86_64\bin\net.dll
Event: 0.238 Loaded shared library C:\Users\admin\.vscode-insiders\extensions\redhat.java-1.43.2025061208-win32-x64\jre\21.0.7-win32-x86_64\bin\nio.dll
Event: 0.243 Loaded shared library C:\Users\admin\.vscode-insiders\extensions\redhat.java-1.43.2025061208-win32-x64\jre\21.0.7-win32-x86_64\bin\zip.dll
Event: 0.304 Loaded shared library C:\Users\admin\.vscode-insiders\extensions\redhat.java-1.43.2025061208-win32-x64\jre\21.0.7-win32-x86_64\bin\jimage.dll
Event: 0.508 Loaded shared library c:\Users\admin\.vscode-insiders\extensions\redhat.java-1.43.2025061208-win32-x64\jre\21.0.7-win32-x86_64\bin\verify.dll
Event: 3.410 Loaded shared library C:\Users\admin\AppData\Roaming\Code - Insiders\User\globalStorage\redhat.java\1.43.2025061208\config_ss_win\org.eclipse.equinox.launcher\org.eclipse.equinox.launcher.win32.win32.x86_64_1.2.1300.v20250331-1702\eclipse_11911.dll

Deoptimization events (20 events):
Event: 2.900 Thread 0x0000009779b9aa20 DEOPT PACKING pc=0x0000009707b18138 sp=0x0000009779a7e190
Event: 2.900 Thread 0x0000009779b9aa20 DEOPT UNPACKING pc=0x0000009707583aa2 sp=0x0000009779a7e150 mode 2
Event: 3.064 Thread 0x0000009779b9aa20 DEOPT PACKING pc=0x00000097000fe58b sp=0x0000009779a7c8a0
Event: 3.064 Thread 0x0000009779b9aa20 DEOPT UNPACKING pc=0x0000009707584242 sp=0x0000009779a7bd18 mode 0
Event: 3.065 Thread 0x0000009779b9aa20 DEOPT PACKING pc=0x0000009700189008 sp=0x0000009779a7c4a0
Event: 3.065 Thread 0x0000009779b9aa20 DEOPT UNPACKING pc=0x0000009707584242 sp=0x0000009779a7b920 mode 0
Event: 3.065 Thread 0x0000009779b9aa20 DEOPT PACKING pc=0x00000097000fa206 sp=0x0000009779a7c360
Event: 3.065 Thread 0x0000009779b9aa20 DEOPT UNPACKING pc=0x0000009707584242 sp=0x0000009779a7b7e0 mode 0
Event: 3.066 Thread 0x0000009779b9aa20 DEOPT PACKING pc=0x0000009700189008 sp=0x0000009779a7c7b0
Event: 3.066 Thread 0x0000009779b9aa20 DEOPT UNPACKING pc=0x0000009707584242 sp=0x0000009779a7bc30 mode 0
Event: 3.067 Thread 0x0000009779b9aa20 DEOPT PACKING pc=0x00000097000fa206 sp=0x0000009779a7c5b0
Event: 3.067 Thread 0x0000009779b9aa20 DEOPT UNPACKING pc=0x0000009707584242 sp=0x0000009779a7ba30 mode 0
Event: 3.067 Thread 0x0000009779b9aa20 DEOPT PACKING pc=0x0000009700189008 sp=0x0000009779a7c700
Event: 3.067 Thread 0x0000009779b9aa20 DEOPT UNPACKING pc=0x0000009707584242 sp=0x0000009779a7bb80 mode 0
Event: 3.068 Thread 0x0000009779b9aa20 DEOPT PACKING pc=0x0000009700189008 sp=0x0000009779a7ca00
Event: 3.068 Thread 0x0000009779b9aa20 DEOPT UNPACKING pc=0x0000009707584242 sp=0x0000009779a7be80 mode 0
Event: 3.455 Thread 0x0000009754665f00 Uncommon trap: trap_request=0xffffff6e fr.pc=0x0000009707b48868 relative=0x00000000000003a8
Event: 3.455 Thread 0x0000009754665f00 Uncommon trap: reason=loop_limit_check action=maybe_recompile pc=0x0000009707b48868 method=java.lang.StringLatin1.indexOf([BI[BII)I @ 37 c2
Event: 3.456 Thread 0x0000009754665f00 DEOPT PACKING pc=0x0000009707b48868 sp=0x0000009755ec8ed0
Event: 3.456 Thread 0x0000009754665f00 DEOPT UNPACKING pc=0x0000009707583aa2 sp=0x0000009755ec8e30 mode 2

Classes loaded (20 events):
Event: 3.723 Loading class com/sun/xml/internal/stream/util/ThreadLocalBufferAllocator done
Event: 3.723 Loading class com/sun/xml/internal/stream/util/BufferAllocator
Event: 3.723 Loading class com/sun/xml/internal/stream/util/BufferAllocator done
Event: 3.723 Loading class com/sun/xml/internal/stream/Entity$ScannedEntity
Event: 3.723 Loading class com/sun/xml/internal/stream/Entity
Event: 3.724 Loading class com/sun/xml/internal/stream/Entity done
Event: 3.724 Loading class com/sun/xml/internal/stream/Entity$ScannedEntity done
Event: 3.724 Loading class com/sun/org/apache/xerces/internal/util/XMLChar
Event: 3.724 Loading class com/sun/org/apache/xerces/internal/util/XMLChar done
Event: 3.725 Loading class com/sun/org/apache/xerces/internal/util/XMLSymbols
Event: 3.725 Loading class com/sun/org/apache/xerces/internal/util/XMLSymbols done
Event: 3.726 Loading class com/sun/org/apache/xerces/internal/parsers/AbstractSAXParser$LocatorProxy
Event: 3.726 Loading class org/xml/sax/ext/Locator2
Event: 3.726 Loading class org/xml/sax/Locator
Event: 3.726 Loading class org/xml/sax/Locator done
Event: 3.726 Loading class org/xml/sax/ext/Locator2 done
Event: 3.726 Loading class com/sun/org/apache/xerces/internal/parsers/AbstractSAXParser$LocatorProxy done
Event: 3.726 Loading class com/sun/org/apache/xerces/internal/impl/XMLScanner$NameType
Event: 3.726 Loading class com/sun/org/apache/xerces/internal/impl/XMLScanner$NameType done
Event: 3.727 Loading class com/sun/org/apache/xerces/internal/impl/Constants

Classes unloaded (0 events):
No events

Classes redefined (0 events):
No events

Internal exceptions (20 events):
Event: 1.527 Thread 0x0000009779b9aa20 Exception <a 'java/lang/ClassNotFoundException'{0x00000000d6e70f68}: sun/net/www/protocol/c/Handler> (0x00000000d6e70f68) 
thrown [s\src\hotspot\share\classfile\systemDictionary.cpp, line 312]
Event: 1.528 Thread 0x0000009779b9aa20 Exception <a 'java/lang/ClassNotFoundException'{0x00000000d6e722d8}: sun/net/www/protocol/d/Handler> (0x00000000d6e722d8) 
thrown [s\src\hotspot\share\classfile\systemDictionary.cpp, line 312]
Event: 1.528 Thread 0x0000009779b9aa20 Exception <a 'java/lang/ClassNotFoundException'{0x00000000d6e73470}: sun/net/www/protocol/c/Handler> (0x00000000d6e73470) 
thrown [s\src\hotspot\share\classfile\systemDictionary.cpp, line 312]
Event: 1.549 Thread 0x0000009779b9aa20 Exception <a 'java/io/FileNotFoundException'{0x00000000d559b180}> (0x00000000d559b180) 
thrown [s\src\hotspot\share\prims\jni.cpp, line 520]
Event: 1.632 Thread 0x0000009779b9aa20 Implicit null exception at 0x0000009707b33449 to 0x0000009707b33e18
Event: 1.632 Thread 0x0000009779b9aa20 Implicit null exception at 0x0000009707b39ca0 to 0x0000009707b39eb8
Event: 1.634 Thread 0x0000009779b9aa20 Exception <a 'java/lang/NoSuchMethodError'{0x00000000d5749ad8}: 'void java.lang.invoke.DirectMethodHandle$Holder.invokeStatic(java.lang.Object, java.lang.Object, java.lang.Object, java.lang.Object)'> (0x00000000d5749ad8) 
thrown [s\src\hotspot\share\interpreter\linkResolver.cpp, line 773]
Event: 1.638 Thread 0x0000009779b9aa20 Implicit null exception at 0x0000009707b357c0 to 0x0000009707b35a94
Event: 1.638 Thread 0x0000009779b9aa20 Implicit null exception at 0x0000009707b32fc0 to 0x0000009707b33045
Event: 1.836 Thread 0x0000009779b9aa20 Exception <a 'java/lang/NoSuchMethodError'{0x00000000d59c41b0}: 'void java.lang.invoke.DirectMethodHandle$Holder.invokeSpecial(java.lang.Object, java.lang.Object, java.lang.Object)'> (0x00000000d59c41b0) 
thrown [s\src\hotspot\share\interpreter\linkResolver.cpp, line 773]
Event: 2.567 Thread 0x0000009779b9aa20 Exception <a 'java/lang/NoSuchMethodError'{0x00000000d6273fc0}: 'int java.lang.invoke.DirectMethodHandle$Holder.invokeVirtual(java.lang.Object, java.lang.Object)'> (0x00000000d6273fc0) 
thrown [s\src\hotspot\share\interpreter\linkResolver.cpp, line 773]
Event: 2.677 Thread 0x0000009779b9aa20 Exception <a 'java/lang/NoSuchMethodError'{0x00000000d63e6900}: 'int java.lang.invoke.DirectMethodHandle$Holder.invokeStaticInit(java.lang.Object, java.lang.Object, java.lang.Object, java.lang.Object)'> (0x00000000d63e6900) 
thrown [s\src\hotspot\share\interpreter\linkResolver.cpp, line 773]
Event: 2.689 Thread 0x0000009779b9aa20 Exception <a 'java/lang/IncompatibleClassChangeError'{0x00000000d63eed88}: Found class java.lang.Object, but interface was expected> (0x00000000d63eed88) 
thrown [s\src\hotspot\share\interpreter\linkResolver.cpp, line 840]
Event: 2.692 Thread 0x0000009779b9aa20 Exception <a 'java/lang/NoSuchMethodError'{0x00000000d63f52b8}: 'void java.lang.invoke.DirectMethodHandle$Holder.invokeStaticInit(java.lang.Object, java.lang.Object)'> (0x00000000d63f52b8) 
thrown [s\src\hotspot\share\interpreter\linkResolver.cpp, line 773]
Event: 2.693 Thread 0x0000009779b9aa20 Exception <a 'java/lang/NoSuchMethodError'{0x00000000d63fe3d0}: 'int java.lang.invoke.DirectMethodHandle$Holder.invokeStaticInit(java.lang.Object, java.lang.Object)'> (0x00000000d63fe3d0) 
thrown [s\src\hotspot\share\interpreter\linkResolver.cpp, line 773]
Event: 2.875 Thread 0x0000009779b9aa20 Exception <a 'java/lang/NoSuchMethodError'{0x00000000d6643f18}: 'java.lang.Object java.lang.invoke.DirectMethodHandle$Holder.newInvokeSpecial(java.lang.Object, int, java.lang.Object)'> (0x00000000d6643f18) 
thrown [s\src\hotspot\share\interpreter\linkResolver.cpp, line 773]
Event: 2.971 Thread 0x0000009779b9aa20 Exception <a 'java/lang/ClassNotFoundException'{0x00000000d684da98}: sun/net/www/protocol/plurl/Handler> (0x00000000d684da98) 
thrown [s\src\hotspot\share\classfile\systemDictionary.cpp, line 312]
Event: 3.401 Thread 0x0000009779b9aa20 Exception <a 'java/lang/UnsatisfiedLinkError'{0x00000000d6c9aa48}: 'void org.eclipse.equinox.launcher.JNIBridge._update_splash()'> (0x00000000d6c9aa48) 
thrown [s\src\hotspot\share\prims\nativeLookup.cpp, line 415]
Event: 3.621 Thread 0x0000009754665f00 Exception <a 'java/lang/NullPointerException'{0x00000000d580e018}> (0x00000000d580e018) 
thrown [s\src\hotspot\share\interpreter\linkResolver.cpp, line 1372]
Event: 3.621 Thread 0x0000009754665f00 Exception <a 'java/lang/NullPointerException'{0x00000000d580e2f8}> (0x00000000d580e2f8) 
thrown [s\src\hotspot\share\interpreter\linkResolver.cpp, line 1372]

ZGC Phase Switch (0 events):
No events

VM Operations (20 events):
Event: 1.029 Executing VM operation: HandshakeAllThreads (Deoptimize)
Event: 1.029 Executing VM operation: HandshakeAllThreads (Deoptimize) done
Event: 1.472 Executing VM operation: ICBufferFull
Event: 1.472 Executing VM operation: ICBufferFull done
Event: 1.482 Executing VM operation: HandshakeAllThreads (Deoptimize)
Event: 1.482 Executing VM operation: HandshakeAllThreads (Deoptimize) done
Event: 1.533 Executing VM operation: ParallelGCFailedAllocation (Allocation Failure)
Event: 1.542 Executing VM operation: ParallelGCFailedAllocation (Allocation Failure) done
Event: 2.783 Executing VM operation: HandshakeAllThreads (Deoptimize)
Event: 2.783 Executing VM operation: HandshakeAllThreads (Deoptimize) done
Event: 2.783 Executing VM operation: Cleanup
Event: 2.783 Executing VM operation: Cleanup done
Event: 2.816 Executing VM operation: HandshakeAllThreads (Deoptimize)
Event: 2.816 Executing VM operation: HandshakeAllThreads (Deoptimize) done
Event: 2.934 Executing VM operation: HandshakeAllThreads (Deoptimize)
Event: 2.934 Executing VM operation: HandshakeAllThreads (Deoptimize) done
Event: 2.957 Executing VM operation: HandshakeAllThreads (Deoptimize)
Event: 2.957 Executing VM operation: HandshakeAllThreads (Deoptimize) done
Event: 3.508 Executing VM operation: ParallelGCFailedAllocation (Allocation Failure)
Event: 3.514 Executing VM operation: ParallelGCFailedAllocation (Allocation Failure) done

Memory protections (0 events):
No events

Nmethod flushes (0 events):
No events

Events (20 events):
Event: 0.077 Thread 0x0000009779b9aa20 Thread added: 0x000000977ebbfcc0
Event: 0.077 Thread 0x0000009779b9aa20 Thread added: 0x000000977ebc0710
Event: 0.077 Thread 0x0000009779b9aa20 Thread added: 0x000000977ebc1540
Event: 0.079 Thread 0x0000009779b9aa20 Thread added: 0x000000977f52c740
Event: 0.138 Thread 0x0000009779b9aa20 Thread added: 0x000000977f5c9f00
Event: 0.688 Thread 0x0000009779b9aa20 Thread added: 0x000000977f7fc990
Event: 0.870 Thread 0x000000977f52c740 Thread added: 0x000000977f8dd7c0
Event: 0.944 Thread 0x000000977f52c740 Thread added: 0x000000975438ed70
Event: 1.673 Thread 0x000000975438ed70 Thread exited: 0x000000975438ed70
Event: 1.748 Thread 0x000000977f8dd7c0 Thread exited: 0x000000977f8dd7c0
Event: 1.982 Thread 0x000000977f52c740 Thread added: 0x00000097545693c0
Event: 1.984 Thread 0x000000977f52c740 Thread added: 0x000000975451d010
Event: 2.213 Thread 0x000000975451d010 Thread exited: 0x000000975451d010
Event: 2.224 Thread 0x00000097545693c0 Thread exited: 0x00000097545693c0
Event: 2.370 Thread 0x000000977f52c740 Thread added: 0x0000009754e1a4f0
Event: 2.748 Thread 0x0000009779b9aa20 Thread added: 0x00000097545f7e90
Event: 2.872 Thread 0x0000009754e1a4f0 Thread exited: 0x0000009754e1a4f0
Event: 3.374 Thread 0x0000009779b9aa20 Thread added: 0x0000009754672400
Event: 3.390 Thread 0x0000009779b9aa20 Thread added: 0x0000009754665f00
Event: 3.524 Thread 0x0000009754665f00 Thread added: 0x0000009754640830


Dynamic libraries:
0x00007ff63ed40000 - 0x00007ff63ed4e000 	c:\Users\admin\.vscode-insiders\extensions\redhat.java-1.43.2025061208-win32-x64\jre\21.0.7-win32-x86_64\bin\java.exe
0x00007ff821060000 - 0x00007ff8212c4000 	C:\WINDOWS\SYSTEM32\ntdll.dll
0x00007ff820290000 - 0x00007ff820359000 	C:\WINDOWS\System32\KERNEL32.DLL
0x00007ff81e980000 - 0x00007ff81ed4c000 	C:\WINDOWS\System32\KERNELBASE.dll
0x00007ff81b110000 - 0x00007ff81b1b0000 	C:\WINDOWS\SYSTEM32\apphelp.dll
0x00007ff81e480000 - 0x00007ff81e5ce000 	C:\WINDOWS\System32\ucrtbase.dll
0x00007ff80fb40000 - 0x00007ff80fb5e000 	c:\Users\admin\.vscode-insiders\extensions\redhat.java-1.43.2025061208-win32-x64\jre\21.0.7-win32-x86_64\bin\VCRUNTIME140.dll
0x00007ff80fb60000 - 0x00007ff80fb78000 	c:\Users\admin\.vscode-insiders\extensions\redhat.java-1.43.2025061208-win32-x64\jre\21.0.7-win32-x86_64\bin\jli.dll
0x00007ff81fa60000 - 0x00007ff81fc2b000 	C:\WINDOWS\System32\USER32.dll
0x00007ff80e090000 - 0x00007ff80e32a000 	C:\WINDOWS\WinSxS\amd64_microsoft.windows.common-controls_6595b64144ccf1df_6.0.27871.1000_none_130fa7a689630300\COMCTL32.dll
0x00007ff81e080000 - 0x00007ff81e0a7000 	C:\WINDOWS\System32\win32u.dll
0x00007ff820f40000 - 0x00007ff820fe9000 	C:\WINDOWS\System32\msvcrt.dll
0x00007ff8200a0000 - 0x00007ff8200d3000 	C:\WINDOWS\System32\GDI32.dll
0x00007ff81e5e0000 - 0x00007ff81e70d000 	C:\WINDOWS\System32\gdi32full.dll
0x00007ff81e1d0000 - 0x00007ff81e274000 	C:\WINDOWS\System32\msvcp_win.dll
0x00007ff81fd60000 - 0x00007ff81fe06000 	C:\WINDOWS\System32\sechost.dll
0x00007ff820060000 - 0x00007ff820090000 	C:\WINDOWS\System32\IMM32.DLL
0x00007ff80fb30000 - 0x00007ff80fb3c000 	c:\Users\admin\.vscode-insiders\extensions\redhat.java-1.43.2025061208-win32-x64\jre\21.0.7-win32-x86_64\bin\vcruntime140_1.dll
0x00007fffeeda0000 - 0x00007fffeee2d000 	c:\Users\admin\.vscode-insiders\extensions\redhat.java-1.43.2025061208-win32-x64\jre\21.0.7-win32-x86_64\bin\msvcp140.dll
0x00007fffb59f0000 - 0x00007fffb6780000 	c:\Users\admin\.vscode-insiders\extensions\redhat.java-1.43.2025061208-win32-x64\jre\21.0.7-win32-x86_64\bin\server\jvm.dll
0x00007ff81fea0000 - 0x00007ff81ff52000 	C:\WINDOWS\System32\ADVAPI32.dll
0x00007ff81fc40000 - 0x00007ff81fd52000 	C:\WINDOWS\System32\RPCRT4.dll
0x00007ff81f9e0000 - 0x00007ff81fa55000 	C:\WINDOWS\System32\WS2_32.dll
0x00007ff81df10000 - 0x00007ff81df6d000 	C:\WINDOWS\SYSTEM32\POWRPROF.dll
0x00007ff80f720000 - 0x00007ff80f756000 	C:\WINDOWS\SYSTEM32\WINMM.dll
0x00007ff812d50000 - 0x00007ff812d5b000 	C:\WINDOWS\SYSTEM32\VERSION.dll
0x00007ff81def0000 - 0x00007ff81df04000 	C:\WINDOWS\SYSTEM32\UMPDC.dll
0x00007ff81ceb0000 - 0x00007ff81cecb000 	C:\WINDOWS\SYSTEM32\kernel.appcore.dll
0x00007ff80a3d0000 - 0x00007ff80a3da000 	c:\Users\admin\.vscode-insiders\extensions\redhat.java-1.43.2025061208-win32-x64\jre\21.0.7-win32-x86_64\bin\jimage.dll
0x00007ff80e400000 - 0x00007ff80e6d0000 	C:\WINDOWS\SYSTEM32\DBGHELP.DLL
0x00007ff81f650000 - 0x00007ff81f9d7000 	C:\WINDOWS\System32\combase.dll
0x00007ff820950000 - 0x00007ff820a31000 	C:\WINDOWS\System32\OLEAUT32.dll
0x00007ffff5bb0000 - 0x00007ffff5be9000 	C:\WINDOWS\SYSTEM32\dbgcore.DLL
0x00007ff81e0b0000 - 0x00007ff81e14e000 	C:\WINDOWS\System32\bcryptPrimitives.dll
0x00007ff80fcb0000 - 0x00007ff80fcbf000 	c:\Users\admin\.vscode-insiders\extensions\redhat.java-1.43.2025061208-win32-x64\jre\21.0.7-win32-x86_64\bin\instrument.dll
0x00007ffff5c80000 - 0x00007ffff5c9f000 	c:\Users\admin\.vscode-insiders\extensions\redhat.java-1.43.2025061208-win32-x64\jre\21.0.7-win32-x86_64\bin\java.dll
0x00007ff81ed70000 - 0x00007ff81f4b2000 	C:\WINDOWS\System32\SHELL32.dll
0x00007ff81e710000 - 0x00007ff81e885000 	C:\WINDOWS\System32\wintypes.dll
0x00007ff81bd30000 - 0x00007ff81c598000 	C:\WINDOWS\SYSTEM32\windows.storage.dll
0x00007ff81f550000 - 0x00007ff81f644000 	C:\WINDOWS\System32\SHCORE.dll
0x00007ff8208e0000 - 0x00007ff82094a000 	C:\WINDOWS\System32\shlwapi.dll
0x00007ff81df90000 - 0x00007ff81dfbf000 	C:\WINDOWS\SYSTEM32\profapi.dll
0x00007ffff5c30000 - 0x00007ffff5c48000 	c:\Users\admin\.vscode-insiders\extensions\redhat.java-1.43.2025061208-win32-x64\jre\21.0.7-win32-x86_64\bin\zip.dll
0x00007ff80a340000 - 0x00007ff80a350000 	C:\Users\admin\.vscode-insiders\extensions\redhat.java-1.43.2025061208-win32-x64\jre\21.0.7-win32-x86_64\bin\net.dll
0x00007ff816ce0000 - 0x00007ff816dfc000 	C:\WINDOWS\SYSTEM32\WINHTTP.dll
0x00007ff81e160000 - 0x00007ff81e1c8000 	C:\WINDOWS\System32\mswsock.dll
0x00007ffff4bf0000 - 0x00007ffff4c06000 	C:\Users\admin\.vscode-insiders\extensions\redhat.java-1.43.2025061208-win32-x64\jre\21.0.7-win32-x86_64\bin\nio.dll
0x00007ffffa640000 - 0x00007ffffa650000 	c:\Users\admin\.vscode-insiders\extensions\redhat.java-1.43.2025061208-win32-x64\jre\21.0.7-win32-x86_64\bin\verify.dll
0x00007ffff7ae0000 - 0x00007ffff7b25000 	C:\Users\admin\AppData\Roaming\Code - Insiders\User\globalStorage\redhat.java\1.43.2025061208\config_ss_win\org.eclipse.equinox.launcher\org.eclipse.equinox.launcher.win32.win32.x86_64_1.2.1300.v20250331-1702\eclipse_11911.dll
0x00007ff8200e0000 - 0x00007ff82027f000 	C:\WINDOWS\System32\ole32.dll

dbghelp: loaded successfully - version: 4.0.5 - missing functions: none
symbol engine: initialized successfully - sym options: 0x614 - pdb path: .;c:\Users\admin\.vscode-insiders\extensions\redhat.java-1.43.2025061208-win32-x64\jre\21.0.7-win32-x86_64\bin;C:\WINDOWS\SYSTEM32;C:\WINDOWS\WinSxS\amd64_microsoft.windows.common-controls_6595b64144ccf1df_6.0.27871.1000_none_130fa7a689630300;c:\Users\admin\.vscode-insiders\extensions\redhat.java-1.43.2025061208-win32-x64\jre\21.0.7-win32-x86_64\bin\server;C:\Users\admin\AppData\Roaming\Code - Insiders\User\globalStorage\redhat.java\1.43.2025061208\config_ss_win\org.eclipse.equinox.launcher\org.eclipse.equinox.launcher.win32.win32.x86_64_1.2.1300.v20250331-1702

VM Arguments:
jvm_args: --add-modules=ALL-SYSTEM --add-opens=java.base/java.util=ALL-UNNAMED --add-opens=java.base/java.lang=ALL-UNNAMED --add-opens=java.base/sun.nio.fs=ALL-UNNAMED -Declipse.application=org.eclipse.jdt.ls.core.id1 -Dosgi.bundles.defaultStartLevel=4 -Declipse.product=org.eclipse.jdt.ls.core.product -Djava.import.generatesMetadataFilesAtProjectRoot=false -DDetectVMInstallationsJob.disabled=true -Dfile.encoding=utf8 -XX:+UseParallelGC -XX:GCTimeRatio=4 -XX:AdaptiveSizePolicyWeight=90 -Dsun.zip.disableMemoryMapping=true -Xmx2G -Xms100m -Xlog:disable -javaagent:c:\Users\admin\.vscode-insiders\extensions\redhat.java-1.43.2025061208-win32-x64\lombok\lombok-1.18.36.jar 
java_command: c:\Users\admin\.vscode-insiders\extensions\redhat.java-1.43.2025061208-win32-x64\server\plugins\org.eclipse.equinox.launcher_1.7.0.v20250519-0528.jar -configuration c:\Users\admin\AppData\Roaming\Code - Insiders\User\globalStorage\redhat.java\1.43.2025061208\config_ss_win -data c:\Users\admin\AppData\Roaming\Code - Insiders\User\workspaceStorage\d95ff64de70b73d0c159f6bfec9b0f85\redhat.java\ss_ws --pipe=\\.\pipe\lsp-a70434343b66ab8342d980fe99182a92-sock
java_class_path (initial): c:\Users\admin\.vscode-insiders\extensions\redhat.java-1.43.2025061208-win32-x64\server\plugins\org.eclipse.equinox.launcher_1.7.0.v20250519-0528.jar
Launcher Type: SUN_STANDARD

[Global flags]
    uintx AdaptiveSizePolicyWeight                 = 90                                        {product} {command line}
     intx CICompilerCount                          = 4                                         {product} {ergonomic}
    uintx GCTimeRatio                              = 4                                         {product} {command line}
   size_t InitialHeapSize                          = 104857600                                 {product} {command line}
   size_t MaxHeapSize                              = 2147483648                                {product} {command line}
   size_t MaxNewSize                               = 715653120                                 {product} {ergonomic}
   size_t MinHeapDeltaBytes                        = 524288                                    {product} {ergonomic}
   size_t MinHeapSize                              = 104857600                                 {product} {command line}
   size_t NewSize                                  = 34603008                                  {product} {ergonomic}
    uintx NonNMethodCodeHeapSize                   = 5839372                                {pd product} {ergonomic}
    uintx NonProfiledCodeHeapSize                  = 122909434                              {pd product} {ergonomic}
   size_t OldSize                                  = 70254592                                  {product} {ergonomic}
    uintx ProfiledCodeHeapSize                     = 122909434                              {pd product} {ergonomic}
    uintx ReservedCodeCacheSize                    = 251658240                              {pd product} {ergonomic}
     bool SegmentedCodeCache                       = true                                      {product} {ergonomic}
   size_t SoftMaxHeapSize                          = 2147483648                             {manageable} {ergonomic}
     bool UseCompressedOops                        = true                           {product lp64_product} {ergonomic}
     bool UseLargePagesIndividualAllocation        = false                                  {pd product} {ergonomic}
     bool UseParallelGC                            = true                                      {product} {command line}

Logging:
Log output configuration:
 #0: stdout all=off uptime,level,tags foldmultilines=false
 #1: stderr all=off uptime,level,tags foldmultilines=false

Environment Variables:
PATH=C:\Program Files\Common Files\Oracle\Java\javapath;C:\Program Files (x86)\Common Files\Oracle\Java\java8path;C:\Program Files (x86)\Common Files\Oracle\Java\javapath;C:\Windows\System32;C:\Windows;C:\Windows\System32\wbem;C:\Windows\System32\WindowsPowerShell\v1.0\;C:\Windows\System32\OpenSSH\;C:\Program Files\Java\jdk1.8.0_251\bin;C:\Program Files\Java\jre1.8.0_251\bin;C:\Program Files\dotnet\;C:\ProgramData\chocolatey\bin;C:\Program Files\PowerShell\7\;C:\Program Files\Git\cmd;C:\Users\admin\AppData\Local\Android\Sdk\platform-tools;C:\Users\admin\AppData\Local\Android\Sdk\tools;D:\flutter\bin;C:\Program Files (x86)\Windows Kits\10\Windows Performance Toolkit\;C:\Users\admin\AppData\Local\Microsoft\WindowsApps;D:\Microsoft VS Code\bin;D:\flutter;D:\Users\admin\AppData\Local\Programs\Microsoft VS Code Insiders\bin;C:\Users\admin\AppData\Local\JetBrains\Toolbox\scripts;
USERNAME=admin
OS=Windows_NT
PROCESSOR_IDENTIFIER=Intel64 Family 6 Model 165 Stepping 3, GenuineIntel
TMP=C:\Users\admin\AppData\Local\Temp
TEMP=C:\Users\admin\AppData\Local\Temp




Periodic native trim disabled

---------------  S Y S T E M  ---------------

OS:
 Windows 11 , 64 bit Build 27871 (10.0.27871.1000)
OS uptime: 0 days 6:11 hours
Hyper-V role detected

CPU: total 8 (initial active 8) (4 cores per cpu, 2 threads per core) family 6 model 165 stepping 3 microcode 0xe0, cx8, cmov, fxsr, ht, mmx, 3dnowpref, sse, sse2, sse3, ssse3, sse4.1, sse4.2, popcnt, lzcnt, tsc, tscinvbit, avx, avx2, aes, erms, clmul, bmi1, bmi2, adx, fma, vzeroupper, clflush, clflushopt, hv, rdtscp, f16c
Processor Information for the first 8 processors :
  Max Mhz: 3601, Current Mhz: 3601, Mhz Limit: 3601

Memory: 4k page, system-wide physical 12082M (1745M free)
TotalPageFile size 20274M (AvailPageFile size 97M)
current process WorkingSet (physical memory assigned to process): 98M, peak: 98M
current process commit charge ("private bytes"): 242M, peak: 242M

vm_info: OpenJDK 64-Bit Server VM (21.0.7+6-LTS) for windows-amd64 JRE (21.0.7+6-LTS), built on 2025-04-15T00:00:00Z by "admin" with MS VC++ 17.7 (VS2022)

END.
